[2025-11-09T22:45:04.044+0000] {taskinstance.py:1956} INFO - Dependencies all met for dep_context=non-requeueable deps ti=<TaskInstance: ml_pipeline_dag.train_model scheduled__2025-11-09T22:42:00+00:00 [queued]>
[2025-11-09T22:45:04.047+0000] {taskinstance.py:1956} INFO - Dependencies all met for dep_context=requeueable deps ti=<TaskInstance: ml_pipeline_dag.train_model scheduled__2025-11-09T22:42:00+00:00 [queued]>
[2025-11-09T22:45:04.047+0000] {taskinstance.py:2170} INFO - Starting attempt 1 of 2
[2025-11-09T22:45:04.052+0000] {taskinstance.py:2191} INFO - Executing <Task(PythonOperator): train_model> on 2025-11-09 22:42:00+00:00
[2025-11-09T22:45:04.055+0000] {standard_task_runner.py:60} INFO - Started process 960 to run task
[2025-11-09T22:45:04.057+0000] {standard_task_runner.py:87} INFO - Running: ['airflow', 'tasks', 'run', 'ml_pipeline_dag', 'train_model', 'scheduled__2025-11-09T22:42:00+00:00', '--job-id', '51', '--raw', '--subdir', 'DAGS_FOLDER/ml_pipeline_dag.py', '--cfg-path', '/tmp/tmpe8ugc_4t']
[2025-11-09T22:45:04.059+0000] {standard_task_runner.py:88} INFO - Job 51: Subtask train_model
[2025-11-09T22:45:04.065+0000] {logging_mixin.py:188} WARNING - /home/airflow/.local/lib/python3.10/site-packages/airflow/settings.py:194 DeprecationWarning: The sql_alchemy_conn option in [core] has been moved to the sql_alchemy_conn option in [database] - the old setting has been used, but please update your config.
[2025-11-09T22:45:04.080+0000] {task_command.py:423} INFO - Running <TaskInstance: ml_pipeline_dag.train_model scheduled__2025-11-09T22:42:00+00:00 [running]> on host 29c9c38bafb8
[2025-11-09T22:45:04.112+0000] {taskinstance.py:2480} INFO - Exporting env vars: AIRFLOW_CTX_DAG_OWNER='juan_ruiz' AIRFLOW_CTX_DAG_ID='ml_pipeline_dag' AIRFLOW_CTX_TASK_ID='train_model' AIRFLOW_CTX_EXECUTION_DATE='2025-11-09T22:42:00+00:00' AIRFLOW_CTX_TRY_NUMBER='1' AIRFLOW_CTX_DAG_RUN_ID='scheduled__2025-11-09T22:42:00+00:00'
[2025-11-09T22:45:04.115+0000] {logging_mixin.py:188} INFO - 📊 Entrenando modelo incremental hasta chunk 004
[2025-11-09T22:45:04.245+0000] {logging_mixin.py:188} INFO - ✅ Dimensiones finales:
[2025-11-09T22:45:04.246+0000] {logging_mixin.py:188} INFO -    X_train: (45000, 51), y_train: (45000,)
[2025-11-09T22:45:04.246+0000] {logging_mixin.py:188} INFO -    X_val:   (15000, 51),   y_val:   (15000,)
[2025-11-09T22:45:04.246+0000] {logging_mixin.py:188} INFO -    X_test:  (15000, 51),  y_test:  (15000,)
[2025-11-09T22:45:04.326+0000] {logging_mixin.py:188} WARNING - 2025/11/09 22:45:04 WARNING ***.utils.git_utils: Failed to import Git (the Git executable is probably not on your PATH), so Git SHA is not available. Error: Failed to initialize: Bad git executable.
The git executable must be specified in one of the following ways:
    - be included in your $PATH
    - be set via $GIT_PYTHON_GIT_EXECUTABLE
    - explicitly set via git.refresh(<full-path-to-git-executable>)

All git commands will error until this is rectified.

This initial message can be silenced or aggravated in the future by setting the
$GIT_PYTHON_REFRESH environment variable. Use one of the following values:
    - quiet|q|silence|s|silent|none|n|0: for no message or exception
    - warn|w|warning|log|l|1: for a warning message (logging level CRITICAL, displayed by default)
    - error|e|exception|raise|r|2: for a raised exception

Example:
    export GIT_PYTHON_REFRESH=quiet
[2025-11-09T22:45:10.821+0000] {credentials.py:1147} INFO - Found credentials in environment variables.
[2025-11-09T22:45:11.014+0000] {logging_mixin.py:188} INFO - ✅ Modelo chunk 004 registrado en MLflow con métricas: {'accuracy': 0.6662, 'precision': 0.6434025452109846, 'recall': 0.6719362059317292, 'f1': 0.657359885033874}
[2025-11-09T22:45:11.033+0000] {logging_mixin.py:188} INFO - 🏃 View run chunk_004 at: http://***:5000/#/experiments/1/runs/c7a2761095dd4e28b450027920120aa5
[2025-11-09T22:45:11.033+0000] {logging_mixin.py:188} INFO - 🧪 View experiment at: http://***:5000/#/experiments/1
[2025-11-09T22:45:11.044+0000] {python.py:201} INFO - Done. Returned value was: None
[2025-11-09T22:45:11.049+0000] {taskinstance.py:1138} INFO - Marking task as SUCCESS. dag_id=ml_pipeline_dag, task_id=train_model, execution_date=20251109T224200, start_date=20251109T224504, end_date=20251109T224511
[2025-11-09T22:45:11.093+0000] {local_task_job_runner.py:234} INFO - Task exited with return code 0
[2025-11-09T22:45:11.103+0000] {taskinstance.py:3280} INFO - 0 downstream tasks scheduled from follow-on schedule check
