[2025-11-09T22:30:13.847+0000] {taskinstance.py:1956} INFO - Dependencies all met for dep_context=non-requeueable deps ti=<TaskInstance: ml_pipeline_dag.data_pipeline.ingest_csv_chunks scheduled__2025-11-09T22:27:00+00:00 [queued]>
[2025-11-09T22:30:13.850+0000] {taskinstance.py:1956} INFO - Dependencies all met for dep_context=requeueable deps ti=<TaskInstance: ml_pipeline_dag.data_pipeline.ingest_csv_chunks scheduled__2025-11-09T22:27:00+00:00 [queued]>
[2025-11-09T22:30:13.850+0000] {taskinstance.py:2170} INFO - Starting attempt 1 of 2
[2025-11-09T22:30:13.855+0000] {taskinstance.py:2191} INFO - Executing <Task(PythonOperator): data_pipeline.ingest_csv_chunks> on 2025-11-09 22:27:00+00:00
[2025-11-09T22:30:13.859+0000] {standard_task_runner.py:60} INFO - Started process 202 to run task
[2025-11-09T22:30:13.861+0000] {standard_task_runner.py:87} INFO - Running: ['airflow', 'tasks', 'run', 'ml_pipeline_dag', 'data_pipeline.ingest_csv_chunks', 'scheduled__2025-11-09T22:27:00+00:00', '--job-id', '26', '--raw', '--subdir', 'DAGS_FOLDER/ml_pipeline_dag.py', '--cfg-path', '/tmp/tmp6coqklw9']
[2025-11-09T22:30:13.862+0000] {standard_task_runner.py:88} INFO - Job 26: Subtask data_pipeline.ingest_csv_chunks
[2025-11-09T22:30:13.871+0000] {logging_mixin.py:188} WARNING - /home/airflow/.local/lib/python3.10/site-packages/airflow/settings.py:194 DeprecationWarning: The sql_alchemy_conn option in [core] has been moved to the sql_alchemy_conn option in [database] - the old setting has been used, but please update your config.
[2025-11-09T22:30:13.889+0000] {task_command.py:423} INFO - Running <TaskInstance: ml_pipeline_dag.data_pipeline.ingest_csv_chunks scheduled__2025-11-09T22:27:00+00:00 [running]> on host 29c9c38bafb8
[2025-11-09T22:30:13.924+0000] {taskinstance.py:2480} INFO - Exporting env vars: AIRFLOW_CTX_DAG_OWNER='juan_ruiz' AIRFLOW_CTX_DAG_ID='ml_pipeline_dag' AIRFLOW_CTX_TASK_ID='data_pipeline.ingest_csv_chunks' AIRFLOW_CTX_EXECUTION_DATE='2025-11-09T22:27:00+00:00' AIRFLOW_CTX_TRY_NUMBER='1' AIRFLOW_CTX_DAG_RUN_ID='scheduled__2025-11-09T22:27:00+00:00'
[2025-11-09T22:30:13.960+0000] {logging_mixin.py:188} INFO - 📥 Procesando chunk 0 desde la fila 0 (de 90000)
[2025-11-09T22:30:14.101+0000] {logging_mixin.py:188} INFO - ✅ Guardado /opt/airflow/data/interim/chunk_000.csv con 15000 registros.
[2025-11-09T22:30:14.101+0000] {logging_mixin.py:188} INFO - 📊 Estado actualizado: último chunk = 0
[2025-11-09T22:30:14.101+0000] {logging_mixin.py:188} INFO - 📦 Quedan 75000 filas por procesar (5.00 chunks aprox).
[2025-11-09T22:30:14.103+0000] {python.py:201} INFO - Done. Returned value was: None
[2025-11-09T22:30:14.108+0000] {taskinstance.py:1138} INFO - Marking task as SUCCESS. dag_id=ml_pipeline_dag, task_id=data_pipeline.ingest_csv_chunks, execution_date=20251109T222700, start_date=20251109T223013, end_date=20251109T223014
[2025-11-09T22:30:14.129+0000] {local_task_job_runner.py:234} INFO - Task exited with return code 0
[2025-11-09T22:30:14.142+0000] {taskinstance.py:3280} INFO - 1 downstream tasks scheduled from follow-on schedule check
[2025-11-09T22:32:16.109+0000] {taskinstance.py:1956} INFO - Dependencies all met for dep_context=non-requeueable deps ti=<TaskInstance: ml_pipeline_dag.data_pipeline.ingest_csv_chunks scheduled__2025-11-09T22:27:00+00:00 [queued]>
[2025-11-09T22:32:16.113+0000] {taskinstance.py:1956} INFO - Dependencies all met for dep_context=requeueable deps ti=<TaskInstance: ml_pipeline_dag.data_pipeline.ingest_csv_chunks scheduled__2025-11-09T22:27:00+00:00 [queued]>
[2025-11-09T22:32:16.113+0000] {taskinstance.py:2170} INFO - Starting attempt 1 of 2
[2025-11-09T22:32:16.117+0000] {taskinstance.py:2191} INFO - Executing <Task(PythonOperator): data_pipeline.ingest_csv_chunks> on 2025-11-09 22:27:00+00:00
[2025-11-09T22:32:16.120+0000] {standard_task_runner.py:60} INFO - Started process 188 to run task
[2025-11-09T22:32:16.122+0000] {standard_task_runner.py:87} INFO - Running: ['airflow', 'tasks', 'run', 'ml_pipeline_dag', 'data_pipeline.ingest_csv_chunks', 'scheduled__2025-11-09T22:27:00+00:00', '--job-id', '30', '--raw', '--subdir', 'DAGS_FOLDER/ml_pipeline_dag.py', '--cfg-path', '/tmp/tmpo_l0wy_b']
[2025-11-09T22:32:16.123+0000] {standard_task_runner.py:88} INFO - Job 30: Subtask data_pipeline.ingest_csv_chunks
[2025-11-09T22:32:16.131+0000] {logging_mixin.py:188} WARNING - /home/airflow/.local/lib/python3.10/site-packages/airflow/settings.py:194 DeprecationWarning: The sql_alchemy_conn option in [core] has been moved to the sql_alchemy_conn option in [database] - the old setting has been used, but please update your config.
[2025-11-09T22:32:16.146+0000] {task_command.py:423} INFO - Running <TaskInstance: ml_pipeline_dag.data_pipeline.ingest_csv_chunks scheduled__2025-11-09T22:27:00+00:00 [running]> on host 29c9c38bafb8
[2025-11-09T22:32:16.178+0000] {taskinstance.py:2480} INFO - Exporting env vars: AIRFLOW_CTX_DAG_OWNER='juan_ruiz' AIRFLOW_CTX_DAG_ID='ml_pipeline_dag' AIRFLOW_CTX_TASK_ID='data_pipeline.ingest_csv_chunks' AIRFLOW_CTX_EXECUTION_DATE='2025-11-09T22:27:00+00:00' AIRFLOW_CTX_TRY_NUMBER='1' AIRFLOW_CTX_DAG_RUN_ID='scheduled__2025-11-09T22:27:00+00:00'
[2025-11-09T22:32:16.209+0000] {logging_mixin.py:188} INFO - 📥 Procesando chunk 1 desde la fila 15000 (de 90000)
[2025-11-09T22:32:16.344+0000] {logging_mixin.py:188} INFO - ✅ Guardado /opt/airflow/data/interim/chunk_001.csv con 15000 registros.
[2025-11-09T22:32:16.354+0000] {logging_mixin.py:188} INFO - 📊 Estado actualizado: último chunk = 1
[2025-11-09T22:32:16.355+0000] {logging_mixin.py:188} INFO - 📦 Quedan 60000 filas por procesar (4.00 chunks aprox).
[2025-11-09T22:32:16.356+0000] {python.py:201} INFO - Done. Returned value was: None
[2025-11-09T22:32:16.361+0000] {taskinstance.py:1138} INFO - Marking task as SUCCESS. dag_id=ml_pipeline_dag, task_id=data_pipeline.ingest_csv_chunks, execution_date=20251109T222700, start_date=20251109T223216, end_date=20251109T223216
[2025-11-09T22:32:16.393+0000] {local_task_job_runner.py:234} INFO - Task exited with return code 0
[2025-11-09T22:32:16.404+0000] {taskinstance.py:3280} INFO - 1 downstream tasks scheduled from follow-on schedule check
