[2025-11-09T22:11:29.680+0000] {taskinstance.py:1956} INFO - Dependencies all met for dep_context=non-requeueable deps ti=<TaskInstance: ml_pipeline_dag.train_model scheduled__2025-11-09T22:06:00+00:00 [queued]>
[2025-11-09T22:11:29.683+0000] {taskinstance.py:1956} INFO - Dependencies all met for dep_context=requeueable deps ti=<TaskInstance: ml_pipeline_dag.train_model scheduled__2025-11-09T22:06:00+00:00 [queued]>
[2025-11-09T22:11:29.683+0000] {taskinstance.py:2170} INFO - Starting attempt 1 of 2
[2025-11-09T22:11:29.689+0000] {taskinstance.py:2191} INFO - Executing <Task(PythonOperator): train_model> on 2025-11-09 22:06:00+00:00
[2025-11-09T22:11:29.693+0000] {standard_task_runner.py:60} INFO - Started process 232 to run task
[2025-11-09T22:11:29.694+0000] {standard_task_runner.py:87} INFO - Running: ['airflow', 'tasks', 'run', 'ml_pipeline_dag', 'train_model', 'scheduled__2025-11-09T22:06:00+00:00', '--job-id', '5', '--raw', '--subdir', 'DAGS_FOLDER/ml_pipeline_dag.py', '--cfg-path', '/tmp/tmpey3nq1kb']
[2025-11-09T22:11:29.696+0000] {standard_task_runner.py:88} INFO - Job 5: Subtask train_model
[2025-11-09T22:11:29.704+0000] {logging_mixin.py:188} WARNING - /home/airflow/.local/lib/python3.10/site-packages/airflow/settings.py:194 DeprecationWarning: The sql_alchemy_conn option in [core] has been moved to the sql_alchemy_conn option in [database] - the old setting has been used, but please update your config.
[2025-11-09T22:11:29.726+0000] {task_command.py:423} INFO - Running <TaskInstance: ml_pipeline_dag.train_model scheduled__2025-11-09T22:06:00+00:00 [running]> on host 29c9c38bafb8
[2025-11-09T22:11:29.765+0000] {taskinstance.py:2480} INFO - Exporting env vars: AIRFLOW_CTX_DAG_OWNER='juan_ruiz' AIRFLOW_CTX_DAG_ID='ml_pipeline_dag' AIRFLOW_CTX_TASK_ID='train_model' AIRFLOW_CTX_EXECUTION_DATE='2025-11-09T22:06:00+00:00' AIRFLOW_CTX_TRY_NUMBER='1' AIRFLOW_CTX_DAG_RUN_ID='scheduled__2025-11-09T22:06:00+00:00'
[2025-11-09T22:11:29.769+0000] {logging_mixin.py:188} INFO - 📊 Entrenando modelo incremental hasta chunk 002
[2025-11-09T22:11:29.896+0000] {logging_mixin.py:188} INFO - ✅ Dimensiones finales:
[2025-11-09T22:11:29.897+0000] {logging_mixin.py:188} INFO -    X_train: (9000, 51), y_train: (9000,)
[2025-11-09T22:11:29.897+0000] {logging_mixin.py:188} INFO -    X_val:   (3000, 51),   y_val:   (3000,)
[2025-11-09T22:11:29.897+0000] {logging_mixin.py:188} INFO -    X_test:  (3000, 51),  y_test:  (3000,)
[2025-11-09T22:11:29.922+0000] {logging_mixin.py:188} WARNING - 2025/11/09 22:11:29 INFO ***.tracking.fluent: Experiment with name 'diabetes_xgb_incremental' does not exist. Creating a new experiment.
[2025-11-09T22:11:29.963+0000] {logging_mixin.py:188} WARNING - 2025/11/09 22:11:29 WARNING ***.utils.git_utils: Failed to import Git (the Git executable is probably not on your PATH), so Git SHA is not available. Error: Failed to initialize: Bad git executable.
The git executable must be specified in one of the following ways:
    - be included in your $PATH
    - be set via $GIT_PYTHON_GIT_EXECUTABLE
    - explicitly set via git.refresh(<full-path-to-git-executable>)

All git commands will error until this is rectified.

This initial message can be silenced or aggravated in the future by setting the
$GIT_PYTHON_REFRESH environment variable. Use one of the following values:
    - quiet|q|silence|s|silent|none|n|0: for no message or exception
    - warn|w|warning|log|l|1: for a warning message (logging level CRITICAL, displayed by default)
    - error|e|exception|raise|r|2: for a raised exception

Example:
    export GIT_PYTHON_REFRESH=quiet
[2025-11-09T22:11:33.017+0000] {credentials.py:1147} INFO - Found credentials in environment variables.
[2025-11-09T22:11:33.146+0000] {logging_mixin.py:188} INFO - ✅ Modelo chunk 002 registrado en MLflow con métricas: {'accuracy': 0.6836666666666666, 'precision': 0.6074476338246703, 'recall': 0.6386623164763459, 'f1': 0.6226640159045725}
[2025-11-09T22:11:33.154+0000] {logging_mixin.py:188} INFO - 🏃 View run chunk_002 at: http://***:5000/#/experiments/1/runs/d352c7677a83445186e4ae528f12cd78
[2025-11-09T22:11:33.154+0000] {logging_mixin.py:188} INFO - 🧪 View experiment at: http://***:5000/#/experiments/1
[2025-11-09T22:11:33.171+0000] {python.py:201} INFO - Done. Returned value was: None
[2025-11-09T22:11:33.188+0000] {taskinstance.py:1138} INFO - Marking task as SUCCESS. dag_id=ml_pipeline_dag, task_id=train_model, execution_date=20251109T220600, start_date=20251109T221129, end_date=20251109T221133
[2025-11-09T22:11:33.235+0000] {local_task_job_runner.py:234} INFO - Task exited with return code 0
[2025-11-09T22:11:33.253+0000] {taskinstance.py:3280} INFO - 0 downstream tasks scheduled from follow-on schedule check
