[2025-11-09T22:33:04.330+0000] {taskinstance.py:1956} INFO - Dependencies all met for dep_context=non-requeueable deps ti=<TaskInstance: ml_pipeline_dag.train_model scheduled__2025-11-09T22:30:00+00:00 [queued]>
[2025-11-09T22:33:04.333+0000] {taskinstance.py:1956} INFO - Dependencies all met for dep_context=requeueable deps ti=<TaskInstance: ml_pipeline_dag.train_model scheduled__2025-11-09T22:30:00+00:00 [queued]>
[2025-11-09T22:33:04.333+0000] {taskinstance.py:2170} INFO - Starting attempt 1 of 2
[2025-11-09T22:33:04.338+0000] {taskinstance.py:2191} INFO - Executing <Task(PythonOperator): train_model> on 2025-11-09 22:30:00+00:00
[2025-11-09T22:33:04.342+0000] {standard_task_runner.py:60} INFO - Started process 357 to run task
[2025-11-09T22:33:04.344+0000] {standard_task_runner.py:87} INFO - Running: ['airflow', 'tasks', 'run', 'ml_pipeline_dag', 'train_model', 'scheduled__2025-11-09T22:30:00+00:00', '--job-id', '35', '--raw', '--subdir', 'DAGS_FOLDER/ml_pipeline_dag.py', '--cfg-path', '/tmp/tmp46d6snxn']
[2025-11-09T22:33:04.345+0000] {standard_task_runner.py:88} INFO - Job 35: Subtask train_model
[2025-11-09T22:33:04.355+0000] {logging_mixin.py:188} WARNING - /home/airflow/.local/lib/python3.10/site-packages/airflow/settings.py:194 DeprecationWarning: The sql_alchemy_conn option in [core] has been moved to the sql_alchemy_conn option in [database] - the old setting has been used, but please update your config.
[2025-11-09T22:33:04.373+0000] {task_command.py:423} INFO - Running <TaskInstance: ml_pipeline_dag.train_model scheduled__2025-11-09T22:30:00+00:00 [running]> on host 29c9c38bafb8
[2025-11-09T22:33:04.410+0000] {taskinstance.py:2480} INFO - Exporting env vars: AIRFLOW_CTX_DAG_OWNER='juan_ruiz' AIRFLOW_CTX_DAG_ID='ml_pipeline_dag' AIRFLOW_CTX_TASK_ID='train_model' AIRFLOW_CTX_EXECUTION_DATE='2025-11-09T22:30:00+00:00' AIRFLOW_CTX_TRY_NUMBER='1' AIRFLOW_CTX_DAG_RUN_ID='scheduled__2025-11-09T22:30:00+00:00'
[2025-11-09T22:33:04.412+0000] {logging_mixin.py:188} INFO - 📊 Entrenando modelo incremental hasta chunk 002
[2025-11-09T22:33:04.486+0000] {logging_mixin.py:188} INFO - ✅ Dimensiones finales:
[2025-11-09T22:33:04.486+0000] {logging_mixin.py:188} INFO -    X_train: (18000, 51), y_train: (18000,)
[2025-11-09T22:33:04.486+0000] {logging_mixin.py:188} INFO -    X_val:   (6000, 51),   y_val:   (6000,)
[2025-11-09T22:33:04.486+0000] {logging_mixin.py:188} INFO -    X_test:  (6000, 51),  y_test:  (6000,)
[2025-11-09T22:33:04.536+0000] {logging_mixin.py:188} WARNING - 2025/11/09 22:33:04 WARNING ***.utils.git_utils: Failed to import Git (the Git executable is probably not on your PATH), so Git SHA is not available. Error: Failed to initialize: Bad git executable.
The git executable must be specified in one of the following ways:
    - be included in your $PATH
    - be set via $GIT_PYTHON_GIT_EXECUTABLE
    - explicitly set via git.refresh(<full-path-to-git-executable>)

All git commands will error until this is rectified.

This initial message can be silenced or aggravated in the future by setting the
$GIT_PYTHON_REFRESH environment variable. Use one of the following values:
    - quiet|q|silence|s|silent|none|n|0: for no message or exception
    - warn|w|warning|log|l|1: for a warning message (logging level CRITICAL, displayed by default)
    - error|e|exception|raise|r|2: for a raised exception

Example:
    export GIT_PYTHON_REFRESH=quiet
[2025-11-09T22:33:07.613+0000] {credentials.py:1147} INFO - Found credentials in environment variables.
[2025-11-09T22:33:07.775+0000] {logging_mixin.py:188} INFO - ✅ Modelo chunk 002 registrado en MLflow con métricas: {'accuracy': 0.6791666666666667, 'precision': 0.6246448863636364, 'recall': 0.6695850780357823, 'f1': 0.6463347418702922}
[2025-11-09T22:33:07.782+0000] {logging_mixin.py:188} INFO - 🏃 View run chunk_002 at: http://***:5000/#/experiments/1/runs/1ded0c1b66254c7b89f8142a54d62119
[2025-11-09T22:33:07.782+0000] {logging_mixin.py:188} INFO - 🧪 View experiment at: http://***:5000/#/experiments/1
[2025-11-09T22:33:07.788+0000] {python.py:201} INFO - Done. Returned value was: None
[2025-11-09T22:33:07.793+0000] {taskinstance.py:1138} INFO - Marking task as SUCCESS. dag_id=ml_pipeline_dag, task_id=train_model, execution_date=20251109T223000, start_date=20251109T223304, end_date=20251109T223307
[2025-11-09T22:33:07.844+0000] {local_task_job_runner.py:234} INFO - Task exited with return code 0
[2025-11-09T22:33:07.853+0000] {taskinstance.py:3280} INFO - 0 downstream tasks scheduled from follow-on schedule check
[2025-11-09T22:34:32.861+0000] {taskinstance.py:1956} INFO - Dependencies all met for dep_context=non-requeueable deps ti=<TaskInstance: ml_pipeline_dag.train_model scheduled__2025-11-09T22:30:00+00:00 [queued]>
[2025-11-09T22:34:32.865+0000] {taskinstance.py:1956} INFO - Dependencies all met for dep_context=requeueable deps ti=<TaskInstance: ml_pipeline_dag.train_model scheduled__2025-11-09T22:30:00+00:00 [queued]>
[2025-11-09T22:34:32.865+0000] {taskinstance.py:2170} INFO - Starting attempt 1 of 2
[2025-11-09T22:34:32.870+0000] {taskinstance.py:2191} INFO - Executing <Task(PythonOperator): train_model> on 2025-11-09 22:30:00+00:00
[2025-11-09T22:34:32.873+0000] {standard_task_runner.py:60} INFO - Started process 230 to run task
[2025-11-09T22:34:32.875+0000] {standard_task_runner.py:87} INFO - Running: ['airflow', 'tasks', 'run', 'ml_pipeline_dag', 'train_model', 'scheduled__2025-11-09T22:30:00+00:00', '--job-id', '39', '--raw', '--subdir', 'DAGS_FOLDER/ml_pipeline_dag.py', '--cfg-path', '/tmp/tmpkdmbyra3']
[2025-11-09T22:34:32.876+0000] {standard_task_runner.py:88} INFO - Job 39: Subtask train_model
[2025-11-09T22:34:32.884+0000] {logging_mixin.py:188} WARNING - /home/airflow/.local/lib/python3.10/site-packages/airflow/settings.py:194 DeprecationWarning: The sql_alchemy_conn option in [core] has been moved to the sql_alchemy_conn option in [database] - the old setting has been used, but please update your config.
[2025-11-09T22:34:32.900+0000] {task_command.py:423} INFO - Running <TaskInstance: ml_pipeline_dag.train_model scheduled__2025-11-09T22:30:00+00:00 [running]> on host 29c9c38bafb8
[2025-11-09T22:34:32.932+0000] {taskinstance.py:2480} INFO - Exporting env vars: AIRFLOW_CTX_DAG_OWNER='juan_ruiz' AIRFLOW_CTX_DAG_ID='ml_pipeline_dag' AIRFLOW_CTX_TASK_ID='train_model' AIRFLOW_CTX_EXECUTION_DATE='2025-11-09T22:30:00+00:00' AIRFLOW_CTX_TRY_NUMBER='1' AIRFLOW_CTX_DAG_RUN_ID='scheduled__2025-11-09T22:30:00+00:00'
[2025-11-09T22:34:32.934+0000] {logging_mixin.py:188} INFO - 📊 Entrenando modelo incremental hasta chunk 000
[2025-11-09T22:34:32.970+0000] {logging_mixin.py:188} INFO - ✅ Dimensiones finales:
[2025-11-09T22:34:32.970+0000] {logging_mixin.py:188} INFO -    X_train: (9000, 51), y_train: (9000,)
[2025-11-09T22:34:32.970+0000] {logging_mixin.py:188} INFO -    X_val:   (3000, 51),   y_val:   (3000,)
[2025-11-09T22:34:32.970+0000] {logging_mixin.py:188} INFO -    X_test:  (3000, 51),  y_test:  (3000,)
[2025-11-09T22:34:33.010+0000] {logging_mixin.py:188} WARNING - 2025/11/09 22:34:33 WARNING ***.utils.git_utils: Failed to import Git (the Git executable is probably not on your PATH), so Git SHA is not available. Error: Failed to initialize: Bad git executable.
The git executable must be specified in one of the following ways:
    - be included in your $PATH
    - be set via $GIT_PYTHON_GIT_EXECUTABLE
    - explicitly set via git.refresh(<full-path-to-git-executable>)

All git commands will error until this is rectified.

This initial message can be silenced or aggravated in the future by setting the
$GIT_PYTHON_REFRESH environment variable. Use one of the following values:
    - quiet|q|silence|s|silent|none|n|0: for no message or exception
    - warn|w|warning|log|l|1: for a warning message (logging level CRITICAL, displayed by default)
    - error|e|exception|raise|r|2: for a raised exception

Example:
    export GIT_PYTHON_REFRESH=quiet
[2025-11-09T22:34:35.314+0000] {credentials.py:1147} INFO - Found credentials in environment variables.
[2025-11-09T22:34:35.371+0000] {logging_mixin.py:188} INFO - ✅ Modelo chunk 000 registrado en MLflow con métricas: {'accuracy': 0.648, 'precision': 0.6377118644067796, 'recall': 0.6244813278008299, 'f1': 0.6310272536687631}
[2025-11-09T22:34:35.377+0000] {logging_mixin.py:188} INFO - 🏃 View run chunk_000 at: http://***:5000/#/experiments/1/runs/85c0ee2b446e40d5af74c5c9bb1a6986
[2025-11-09T22:34:35.378+0000] {logging_mixin.py:188} INFO - 🧪 View experiment at: http://***:5000/#/experiments/1
[2025-11-09T22:34:35.384+0000] {python.py:201} INFO - Done. Returned value was: None
[2025-11-09T22:34:35.390+0000] {taskinstance.py:1138} INFO - Marking task as SUCCESS. dag_id=ml_pipeline_dag, task_id=train_model, execution_date=20251109T223000, start_date=20251109T223432, end_date=20251109T223435
[2025-11-09T22:34:35.406+0000] {local_task_job_runner.py:234} INFO - Task exited with return code 0
[2025-11-09T22:34:35.417+0000] {taskinstance.py:3280} INFO - 0 downstream tasks scheduled from follow-on schedule check
