[2025-11-09T22:48:04.738+0000] {taskinstance.py:1956} INFO - Dependencies all met for dep_context=non-requeueable deps ti=<TaskInstance: ml_pipeline_dag.train_model scheduled__2025-11-09T22:45:00+00:00 [queued]>
[2025-11-09T22:48:04.741+0000] {taskinstance.py:1956} INFO - Dependencies all met for dep_context=requeueable deps ti=<TaskInstance: ml_pipeline_dag.train_model scheduled__2025-11-09T22:45:00+00:00 [queued]>
[2025-11-09T22:48:04.741+0000] {taskinstance.py:2170} INFO - Starting attempt 1 of 2
[2025-11-09T22:48:04.745+0000] {taskinstance.py:2191} INFO - Executing <Task(PythonOperator): train_model> on 2025-11-09 22:45:00+00:00
[2025-11-09T22:48:04.749+0000] {standard_task_runner.py:60} INFO - Started process 1157 to run task
[2025-11-09T22:48:04.750+0000] {standard_task_runner.py:87} INFO - Running: ['airflow', 'tasks', 'run', 'ml_pipeline_dag', 'train_model', 'scheduled__2025-11-09T22:45:00+00:00', '--job-id', '54', '--raw', '--subdir', 'DAGS_FOLDER/ml_pipeline_dag.py', '--cfg-path', '/tmp/tmpcy81xt9y']
[2025-11-09T22:48:04.752+0000] {standard_task_runner.py:88} INFO - Job 54: Subtask train_model
[2025-11-09T22:48:04.760+0000] {logging_mixin.py:188} WARNING - /home/airflow/.local/lib/python3.10/site-packages/airflow/settings.py:194 DeprecationWarning: The sql_alchemy_conn option in [core] has been moved to the sql_alchemy_conn option in [database] - the old setting has been used, but please update your config.
[2025-11-09T22:48:04.777+0000] {task_command.py:423} INFO - Running <TaskInstance: ml_pipeline_dag.train_model scheduled__2025-11-09T22:45:00+00:00 [running]> on host 29c9c38bafb8
[2025-11-09T22:48:04.814+0000] {taskinstance.py:2480} INFO - Exporting env vars: AIRFLOW_CTX_DAG_OWNER='juan_ruiz' AIRFLOW_CTX_DAG_ID='ml_pipeline_dag' AIRFLOW_CTX_TASK_ID='train_model' AIRFLOW_CTX_EXECUTION_DATE='2025-11-09T22:45:00+00:00' AIRFLOW_CTX_TRY_NUMBER='1' AIRFLOW_CTX_DAG_RUN_ID='scheduled__2025-11-09T22:45:00+00:00'
[2025-11-09T22:48:04.817+0000] {logging_mixin.py:188} INFO - 📊 Entrenando modelo incremental hasta chunk 005
[2025-11-09T22:48:04.978+0000] {logging_mixin.py:188} INFO - ✅ Dimensiones finales:
[2025-11-09T22:48:04.978+0000] {logging_mixin.py:188} INFO -    X_train: (54000, 51), y_train: (54000,)
[2025-11-09T22:48:04.978+0000] {logging_mixin.py:188} INFO -    X_val:   (18000, 51),   y_val:   (18000,)
[2025-11-09T22:48:04.978+0000] {logging_mixin.py:188} INFO -    X_test:  (18000, 51),  y_test:  (18000,)
[2025-11-09T22:48:05.059+0000] {logging_mixin.py:188} WARNING - 2025/11/09 22:48:05 WARNING ***.utils.git_utils: Failed to import Git (the Git executable is probably not on your PATH), so Git SHA is not available. Error: Failed to initialize: Bad git executable.
The git executable must be specified in one of the following ways:
    - be included in your $PATH
    - be set via $GIT_PYTHON_GIT_EXECUTABLE
    - explicitly set via git.refresh(<full-path-to-git-executable>)

All git commands will error until this is rectified.

This initial message can be silenced or aggravated in the future by setting the
$GIT_PYTHON_REFRESH environment variable. Use one of the following values:
    - quiet|q|silence|s|silent|none|n|0: for no message or exception
    - warn|w|warning|log|l|1: for a warning message (logging level CRITICAL, displayed by default)
    - error|e|exception|raise|r|2: for a raised exception

Example:
    export GIT_PYTHON_REFRESH=quiet
[2025-11-09T22:48:14.533+0000] {credentials.py:1147} INFO - Found credentials in environment variables.
[2025-11-09T22:48:14.797+0000] {logging_mixin.py:188} INFO - ✅ Modelo chunk 005 registrado en MLflow con métricas: {'accuracy': 0.6647777777777778, 'precision': 0.6400633054487904, 'recall': 0.6651785714285714, 'f1': 0.6523793063717018}
[2025-11-09T22:48:14.819+0000] {logging_mixin.py:188} INFO - 🏃 View run chunk_005 at: http://***:5000/#/experiments/1/runs/d08830649a3c40bb94f55e397f79eef2
[2025-11-09T22:48:14.819+0000] {logging_mixin.py:188} INFO - 🧪 View experiment at: http://***:5000/#/experiments/1
[2025-11-09T22:48:14.841+0000] {python.py:201} INFO - Done. Returned value was: None
[2025-11-09T22:48:14.847+0000] {taskinstance.py:1138} INFO - Marking task as SUCCESS. dag_id=ml_pipeline_dag, task_id=train_model, execution_date=20251109T224500, start_date=20251109T224804, end_date=20251109T224814
[2025-11-09T22:48:14.869+0000] {local_task_job_runner.py:234} INFO - Task exited with return code 0
[2025-11-09T22:48:14.880+0000] {taskinstance.py:3280} INFO - 0 downstream tasks scheduled from follow-on schedule check
