[2025-11-09T22:33:02.392+0000] {taskinstance.py:1956} INFO - Dependencies all met for dep_context=non-requeueable deps ti=<TaskInstance: ml_pipeline_dag.data_pipeline.preprocess_and_split scheduled__2025-11-09T22:30:00+00:00 [queued]>
[2025-11-09T22:33:02.395+0000] {taskinstance.py:1956} INFO - Dependencies all met for dep_context=requeueable deps ti=<TaskInstance: ml_pipeline_dag.data_pipeline.preprocess_and_split scheduled__2025-11-09T22:30:00+00:00 [queued]>
[2025-11-09T22:33:02.395+0000] {taskinstance.py:2170} INFO - Starting attempt 1 of 2
[2025-11-09T22:33:02.399+0000] {taskinstance.py:2191} INFO - Executing <Task(PythonOperator): data_pipeline.preprocess_and_split> on 2025-11-09 22:30:00+00:00
[2025-11-09T22:33:02.404+0000] {standard_task_runner.py:60} INFO - Started process 339 to run task
[2025-11-09T22:33:02.406+0000] {standard_task_runner.py:87} INFO - Running: ['airflow', 'tasks', 'run', 'ml_pipeline_dag', 'data_pipeline.preprocess_and_split', 'scheduled__2025-11-09T22:30:00+00:00', '--job-id', '34', '--raw', '--subdir', 'DAGS_FOLDER/ml_pipeline_dag.py', '--cfg-path', '/tmp/tmpmyjexhc7']
[2025-11-09T22:33:02.407+0000] {standard_task_runner.py:88} INFO - Job 34: Subtask data_pipeline.preprocess_and_split
[2025-11-09T22:33:02.416+0000] {logging_mixin.py:188} WARNING - /home/airflow/.local/lib/python3.10/site-packages/airflow/settings.py:194 DeprecationWarning: The sql_alchemy_conn option in [core] has been moved to the sql_alchemy_conn option in [database] - the old setting has been used, but please update your config.
[2025-11-09T22:33:02.432+0000] {task_command.py:423} INFO - Running <TaskInstance: ml_pipeline_dag.data_pipeline.preprocess_and_split scheduled__2025-11-09T22:30:00+00:00 [running]> on host 29c9c38bafb8
[2025-11-09T22:33:02.476+0000] {taskinstance.py:2480} INFO - Exporting env vars: AIRFLOW_CTX_DAG_OWNER='juan_ruiz' AIRFLOW_CTX_DAG_ID='ml_pipeline_dag' AIRFLOW_CTX_TASK_ID='data_pipeline.preprocess_and_split' AIRFLOW_CTX_EXECUTION_DATE='2025-11-09T22:30:00+00:00' AIRFLOW_CTX_TRY_NUMBER='1' AIRFLOW_CTX_DAG_RUN_ID='scheduled__2025-11-09T22:30:00+00:00'
[2025-11-09T22:33:02.477+0000] {logging_mixin.py:188} INFO - ⚙️ Procesando archivo: /opt/airflow/data/interim/chunk_002.csv
[2025-11-09T22:33:02.637+0000] {logging_mixin.py:188} INFO - ✅ División train/val/test completada para chunk 2
[2025-11-09T22:33:02.637+0000] {logging_mixin.py:188} INFO - 📁 Archivos guardados en: /opt/airflow/data/processed
[2025-11-09T22:33:02.638+0000] {logging_mixin.py:188} INFO - 🧾 Estado actualizado: último chunk procesado = 2
[2025-11-09T22:33:02.641+0000] {python.py:201} INFO - Done. Returned value was: None
[2025-11-09T22:33:02.647+0000] {taskinstance.py:1138} INFO - Marking task as SUCCESS. dag_id=ml_pipeline_dag, task_id=data_pipeline.preprocess_and_split, execution_date=20251109T223000, start_date=20251109T223302, end_date=20251109T223302
[2025-11-09T22:33:02.676+0000] {local_task_job_runner.py:234} INFO - Task exited with return code 0
[2025-11-09T22:33:02.687+0000] {taskinstance.py:3280} INFO - 1 downstream tasks scheduled from follow-on schedule check
[2025-11-09T22:34:31.648+0000] {taskinstance.py:1956} INFO - Dependencies all met for dep_context=non-requeueable deps ti=<TaskInstance: ml_pipeline_dag.data_pipeline.preprocess_and_split scheduled__2025-11-09T22:30:00+00:00 [queued]>
[2025-11-09T22:34:31.652+0000] {taskinstance.py:1956} INFO - Dependencies all met for dep_context=requeueable deps ti=<TaskInstance: ml_pipeline_dag.data_pipeline.preprocess_and_split scheduled__2025-11-09T22:30:00+00:00 [queued]>
[2025-11-09T22:34:31.652+0000] {taskinstance.py:2170} INFO - Starting attempt 1 of 2
[2025-11-09T22:34:31.656+0000] {taskinstance.py:2191} INFO - Executing <Task(PythonOperator): data_pipeline.preprocess_and_split> on 2025-11-09 22:30:00+00:00
[2025-11-09T22:34:31.659+0000] {standard_task_runner.py:60} INFO - Started process 212 to run task
[2025-11-09T22:34:31.661+0000] {standard_task_runner.py:87} INFO - Running: ['airflow', 'tasks', 'run', 'ml_pipeline_dag', 'data_pipeline.preprocess_and_split', 'scheduled__2025-11-09T22:30:00+00:00', '--job-id', '38', '--raw', '--subdir', 'DAGS_FOLDER/ml_pipeline_dag.py', '--cfg-path', '/tmp/tmp2fy2j0up']
[2025-11-09T22:34:31.662+0000] {standard_task_runner.py:88} INFO - Job 38: Subtask data_pipeline.preprocess_and_split
[2025-11-09T22:34:31.671+0000] {logging_mixin.py:188} WARNING - /home/airflow/.local/lib/python3.10/site-packages/airflow/settings.py:194 DeprecationWarning: The sql_alchemy_conn option in [core] has been moved to the sql_alchemy_conn option in [database] - the old setting has been used, but please update your config.
[2025-11-09T22:34:31.687+0000] {task_command.py:423} INFO - Running <TaskInstance: ml_pipeline_dag.data_pipeline.preprocess_and_split scheduled__2025-11-09T22:30:00+00:00 [running]> on host 29c9c38bafb8
[2025-11-09T22:34:31.720+0000] {taskinstance.py:2480} INFO - Exporting env vars: AIRFLOW_CTX_DAG_OWNER='juan_ruiz' AIRFLOW_CTX_DAG_ID='ml_pipeline_dag' AIRFLOW_CTX_TASK_ID='data_pipeline.preprocess_and_split' AIRFLOW_CTX_EXECUTION_DATE='2025-11-09T22:30:00+00:00' AIRFLOW_CTX_TRY_NUMBER='1' AIRFLOW_CTX_DAG_RUN_ID='scheduled__2025-11-09T22:30:00+00:00'
[2025-11-09T22:34:31.721+0000] {logging_mixin.py:188} INFO - ⚙️ Procesando archivo: /opt/airflow/data/interim/chunk_000.csv
[2025-11-09T22:34:31.860+0000] {logging_mixin.py:188} INFO - ✅ División train/val/test completada para chunk 0
[2025-11-09T22:34:31.860+0000] {logging_mixin.py:188} INFO - 📁 Archivos guardados en: /opt/airflow/data/processed
[2025-11-09T22:34:31.860+0000] {logging_mixin.py:188} INFO - 🧾 Estado actualizado: último chunk procesado = 0
[2025-11-09T22:34:31.864+0000] {python.py:201} INFO - Done. Returned value was: None
[2025-11-09T22:34:31.869+0000] {taskinstance.py:1138} INFO - Marking task as SUCCESS. dag_id=ml_pipeline_dag, task_id=data_pipeline.preprocess_and_split, execution_date=20251109T223000, start_date=20251109T223431, end_date=20251109T223431
[2025-11-09T22:34:31.883+0000] {local_task_job_runner.py:234} INFO - Task exited with return code 0
[2025-11-09T22:34:31.901+0000] {taskinstance.py:3280} INFO - 1 downstream tasks scheduled from follow-on schedule check
